<?xml version="1.0" encoding="UTF-8"?>
<testsuite xmlns:xsi="http://www.w3.org/2001/XMLSchema-instance" xsi:noNamespaceSchemaLocation="https://maven.apache.org/surefire/maven-surefire-plugin/xsd/surefire-test-report.xsd" name="runners.TestRunner" time="43.272" tests="40" errors="0" skipped="0" failures="0">
  <properties>
[...]
</properties>
  <testcase name="Given I navigate to &quot;http://demo.guru99.com/insurance/v1/index.php&quot; page" classname="Scenario: User will be able to log out" time="0"/>
  <testcase name="When I submit email as &quot;arijithere@gmail.com&quot; and password as &quot;password&quot;" classname="Scenario: User will be able to log out" time="0"/>
  <testcase name="Then user should be reditrected to &quot;http://demo.guru99.com/insurance/v1/header.php&quot; page" classname="Scenario: User will be able to log out" time="0"/>
  <testcase name="When I click on the &quot;Log Out&quot; button" classname="Scenario: User will be able to log out" time="0"/>
  <testcase name="Then I will be redirected to &quot;http://demo.guru99.com/insurance/v1/index.php&quot; page" classname="Scenario: User will be able to log out" time="0"/>
  <testcase name="Scenario: User will be able to log out" classname="Scenario: User will be able to log out" time="0.233"/>
  <testcase name="Given I navigate to &quot;http://demo.guru99.com/insurance/v1/index.php&quot; page" classname="Scenario: The logo of the insurance page is properly dispalyed" time="0.001"/>
  <testcase name="When I submit email as &quot;arijithere@gmail.com&quot; and password as &quot;password&quot;" classname="Scenario: The logo of the insurance page is properly dispalyed" time="0"/>
  <testcase name="Then user should be reditrected to &quot;http://demo.guru99.com/insurance/v1/header.php&quot; page" classname="Scenario: The logo of the insurance page is properly dispalyed" time="0"/>
  <testcase name="When I check the logo" classname="Scenario: The logo of the insurance page is properly dispalyed" time="0"/>
  <testcase name="Then I find its image source attribute as &quot;http://demo.guru99.com/logo.png&quot;" classname="Scenario: The logo of the insurance page is properly dispalyed" time="0"/>
  <testcase name="And I find its alternate source as &quot;Guru99 Demo Sites&quot;" classname="Scenario: The logo of the insurance page is properly dispalyed" time="0"/>
  <testcase name="And also when I check the logo text" classname="Scenario: The logo of the insurance page is properly dispalyed" time="0"/>
  <testcase name="Then I find the value as &quot;Demo Site&quot;" classname="Scenario: The logo of the insurance page is properly dispalyed" time="0"/>
  <testcase name="Scenario: The logo of the insurance page is properly dispalyed" classname="Scenario: The logo of the insurance page is properly dispalyed" time="0.189"/>
  <testcase name="Given I navigate to &quot;http://demo.guru99.com/insurance/v1/index.php&quot; page" classname="Scenario: The Selenium menubar toggle functionality is working properly" time="0"/>
  <testcase name="When I submit email as &quot;arijithere@gmail.com&quot; and password as &quot;password&quot;" classname="Scenario: The Selenium menubar toggle functionality is working properly" time="0"/>
  <testcase name="Then user should be reditrected to &quot;http://demo.guru99.com/insurance/v1/header.php&quot; page" classname="Scenario: The Selenium menubar toggle functionality is working properly" time="0"/>
  <testcase name="When I click on the Selenium menubar" classname="Scenario: The Selenium menubar toggle functionality is working properly" time="0"/>
  <testcase name="Then the following dropdown list is getting displayed" classname="Scenario: The Selenium menubar toggle functionality is working properly" time="0"/>
  <testcase name="Scenario: The Selenium menubar toggle functionality is working properly" classname="Scenario: The Selenium menubar toggle functionality is working properly" time="0.233"/>
  <testcase name="Given I move to &quot;https://rahulshettyacademy.com/seleniumPractise/#/&quot;(Scenario: Item" classname="s) checkout functionality" time="0"/>
  <testcase name="When I add the following in my shopping cart(Scenario: Item" classname="s) checkout functionality" time="0"/>
  <testcase name="And click the add to cart icon(Scenario: Item" classname="s) checkout functionality" time="0"/>
  <testcase name="And I click on the &quot;PROCEED TO CHECKOUT&quot; button to checkout(Scenario: Item" classname="s) checkout functionality" time="0"/>
  <testcase name="And I give promocode as &quot;rahulshettyacademy&quot;(Scenario: Item" classname="s) checkout functionality" time="0"/>
  <testcase name="And I click on the apply promocode button(Scenario: Item" classname="s) checkout functionality" time="0"/>
  <testcase name="Then I see the text &quot;Code applied ..!&quot;(Scenario: Item" classname="s) checkout functionality" time="0"/>
  <testcase name="Scenario: Item" classname="Scenario: Item(s) checkout functionality" time="0.153"/>
  <testcase name="Given I move to &quot;http://demo.guru99.com/test/radio.html&quot; page" classname="Scenario: Testing radio button count validation in a dummy test webpage" time="0"/>
  <testcase name="Then I find total 3 radio buttons on the page" classname="Scenario: Testing radio button count validation in a dummy test webpage" time="0"/>
  <testcase name="Scenario: Testing radio button count validation in a dummy test webpage" classname="Scenario: Testing radio button count validation in a dummy test webpage" time="0.219"/>
  <testcase name="Given I move to &quot;http://demo.guru99.com/test/radio.html&quot; page" classname="Scenario: Testing radio button selection validation in a dummy test webpage" time="0"/>
  <testcase name="When I select radio button with display text as &quot;Option 2&quot;" classname="Scenario: Testing radio button selection validation in a dummy test webpage" time="0"/>
  <testcase name="Then I see that the text message of the selected radio button is &quot;Option 2&quot;" classname="Scenario: Testing radio button selection validation in a dummy test webpage" time="0"/>
  <testcase name="Scenario: Testing radio button selection validation in a dummy test webpage" classname="Scenario: Testing radio button selection validation in a dummy test webpage" time="0.167"/>
  <testcase name="Given I go to &quot;https://rahulshettyacademy.com/dropdownsPractise/&quot; page" classname="Scenario: Testing Select dropdown in a dummy test webpage" time="0"/>
  <testcase name="When I select the currency dropdown as &quot;USD&quot;" classname="Scenario: Testing Select dropdown in a dummy test webpage" time="0"/>
  <testcase name="Then I find the actual dropdown value to be &quot;USD&quot;" classname="Scenario: Testing Select dropdown in a dummy test webpage" time="0"/>
  <testcase name="Scenario: Testing Select dropdown in a dummy test webpage" classname="Scenario: Testing Select dropdown in a dummy test webpage" time="0.147"/>
</testsuite>